2019-05-23 10:31:44,808 INFO org.springframework.boot.SpringApplication [restartedMain] No active profile set, falling back to default profiles: default
2019-05-23 10:32:09,359 INFO org.springframework.boot.StartupInfoLogger [restartedMain] Started ProjectEverisApplication in 27.341 seconds (JVM running for 29.236)
2019-05-23 10:34:12,233 INFO com.everis.controllers.StudentController [https-jsse-nio-8081-exec-7] Los Student fueron listados
2019-05-23 10:34:13,480 INFO com.everis.controllers.StudentController [https-jsse-nio-8081-exec-2] Los Student fueron listados
2019-05-23 10:34:25,048 INFO com.everis.controllers.StudentController [https-jsse-nio-8081-exec-3] Los Student fueron listados
2019-05-23 10:34:45,366 INFO com.everis.controllers.StudentController [https-jsse-nio-8081-exec-4] Los Student fueron listados
2019-05-23 10:37:09,303 INFO com.everis.controllers.StudentController [https-jsse-nio-8081-exec-2] Los Student fueron listados
2019-05-23 10:37:19,800 INFO com.everis.controllers.StudentController [https-jsse-nio-8081-exec-1] Los Student fueron listados
2019-05-23 11:46:28,769 INFO com.everis.controllers.ParentController [https-jsse-nio-8081-exec-10] Los Parent Fueron Listados
2019-05-23 11:46:40,152 INFO com.everis.controllers.FamilyController [https-jsse-nio-8081-exec-10] Las familias fueron listadas
2019-05-23 11:46:50,554 INFO com.everis.controllers.StudentController [https-jsse-nio-8081-exec-9] Los Student fueron listados
2019-05-23 11:47:02,836 INFO com.everis.controllers.StudentController [https-jsse-nio-8081-exec-4] Los Student fueron listados
2019-05-23 11:47:31,687 INFO com.everis.controllers.ParentController [https-jsse-nio-8081-exec-4] Los Parent Fueron Listados
2019-05-23 11:48:05,743 INFO com.everis.controllers.StudentController [https-jsse-nio-8081-exec-2] Los Student fueron listados
2019-05-23 11:54:38,331 INFO org.springframework.boot.SpringApplication [restartedMain] No active profile set, falling back to default profiles: default
2019-05-23 11:54:46,038 INFO org.springframework.boot.StartupInfoLogger [restartedMain] Started ProjectEverisApplication in 9.487 seconds (JVM running for 4986.032)
2019-05-23 11:55:16,809 INFO org.springframework.boot.SpringApplication [restartedMain] No active profile set, falling back to default profiles: default
2019-05-23 11:55:22,894 INFO org.springframework.boot.StartupInfoLogger [restartedMain] Started ProjectEverisApplication in 7.061 seconds (JVM running for 5022.888)
2019-05-23 12:01:40,269 INFO org.springframework.boot.SpringApplication [restartedMain] No active profile set, falling back to default profiles: default
2019-05-23 12:01:47,892 INFO org.springframework.boot.StartupInfoLogger [restartedMain] Started ProjectEverisApplication in 11.989 seconds (JVM running for 5407.887)
2019-05-23 12:28:54,011 INFO com.everis.controllers.StudentController [https-jsse-nio-8081-exec-4] Los Student fueron listados
2019-05-23 12:29:21,009 INFO com.everis.controllers.StudentController [https-jsse-nio-8081-exec-7] Los Student fueron listados
2019-05-23 13:13:22,342 INFO com.everis.controllers.StudentController [https-jsse-nio-8081-exec-2] Los Student fueron listados
2019-05-23 14:38:06,993 INFO org.springframework.boot.SpringApplication [restartedMain] No active profile set, falling back to default profiles: default
2019-05-23 14:38:23,478 INFO org.springframework.boot.StartupInfoLogger [restartedMain] Started ProjectEverisApplication in 19.893 seconds (JVM running for 22.481)
2019-05-23 14:38:55,975 INFO org.springframework.boot.SpringApplication [restartedMain] No active profile set, falling back to default profiles: default
2019-05-23 14:39:08,138 INFO org.springframework.boot.StartupInfoLogger [restartedMain] Started ProjectEverisApplication in 14.193 seconds (JVM running for 15.544)
2019-05-23 14:39:37,847 INFO com.everis.controllers.StudentController [https-jsse-nio-8081-exec-9] Los Student fueron listados
2019-05-23 14:39:41,836 INFO com.everis.controllers.StudentController [https-jsse-nio-8081-exec-8] Los Student fueron listados
2019-05-23 14:40:12,031 INFO com.everis.controllers.StudentController [https-jsse-nio-8081-exec-5] Los Student fueron listados
2019-05-23 14:40:12,031 INFO com.everis.controllers.StudentController [https-jsse-nio-8081-exec-4] Los Student fueron listados
2019-05-23 14:40:35,270 INFO com.everis.controllers.StudentController [https-jsse-nio-8081-exec-6] Los Student fueron listados
2019-05-23 14:40:42,581 INFO com.everis.controllers.ParentController [https-jsse-nio-8081-exec-5] Los Parent Fueron Listados
2019-05-23 14:40:47,158 INFO com.everis.controllers.FamilyController [https-jsse-nio-8081-exec-8] Las familias fueron listadas
2019-05-23 14:43:52,103 INFO com.everis.controllers.StudentController [https-jsse-nio-8081-exec-8] Los Student fueron listados
2019-05-23 14:43:55,971 INFO com.everis.controllers.ParentController [https-jsse-nio-8081-exec-7] Los Parent Fueron Listados
2019-05-23 14:44:01,872 INFO com.everis.controllers.StudentController [https-jsse-nio-8081-exec-6] Los Student fueron listados
2019-05-23 14:44:51,292 INFO com.everis.controllers.StudentController [https-jsse-nio-8081-exec-6] Los Student fueron listados
2019-05-23 14:45:00,761 INFO com.everis.controllers.StudentController [https-jsse-nio-8081-exec-3] Los Student fueron listados
2019-05-23 14:45:17,765 INFO com.everis.controllers.StudentController [https-jsse-nio-8081-exec-2] Los Student fueron listados
2019-05-23 14:46:44,015 INFO com.everis.controllers.StudentController [https-jsse-nio-8081-exec-7] Los Student fueron listados
2019-05-23 14:46:48,677 INFO com.everis.controllers.StudentController [https-jsse-nio-8081-exec-4] Los Student fueron listados
2019-05-23 14:46:52,829 INFO com.everis.controllers.StudentController [https-jsse-nio-8081-exec-8] Los Student fueron listados
2019-05-23 14:46:55,975 INFO com.everis.controllers.ParentController [https-jsse-nio-8081-exec-6] Los Parent Fueron Listados
2019-05-23 14:49:39,341 INFO com.everis.controllers.StudentController [https-jsse-nio-8081-exec-10] Los Student fueron listados
2019-05-23 14:49:42,746 INFO com.everis.controllers.StudentController [https-jsse-nio-8081-exec-9] Los Student fueron listados
2019-05-23 15:48:40,512 INFO org.springframework.boot.SpringApplication [restartedMain] No active profile set, falling back to default profiles: default
2019-05-23 15:48:57,444 INFO org.springframework.boot.StartupInfoLogger [restartedMain] Started ProjectEverisApplication in 19.154 seconds (JVM running for 20.874)
2019-05-23 15:51:11,359 INFO org.springframework.boot.SpringApplication [restartedMain] No active profile set, falling back to default profiles: default
2019-05-23 15:51:18,970 INFO org.springframework.boot.StartupInfoLogger [restartedMain] Started ProjectEverisApplication in 8.53 seconds (JVM running for 162.395)
2019-05-23 16:50:05,057 INFO org.springframework.boot.SpringApplication [restartedMain] No active profile set, falling back to default profiles: default
2019-05-23 16:50:40,235 INFO org.springframework.boot.StartupInfoLogger [restartedMain] Started ProjectEverisApplication in 40.214 seconds (JVM running for 45.762)
2019-05-23 16:51:14,374 INFO com.everis.controllers.StudentController [https-jsse-nio-8081-exec-7] Los Student fueron listados
2019-05-23 16:51:19,833 INFO com.everis.controllers.StudentController [https-jsse-nio-8081-exec-8] Los Student fueron listados
2019-05-23 16:51:30,070 INFO com.everis.controllers.ParentController [https-jsse-nio-8081-exec-8] Los Parent Fueron Listados
2019-05-23 16:52:08,733 INFO com.everis.controllers.StudentController [https-jsse-nio-8081-exec-2] Los Student fueron listados
2019-05-23 16:52:08,733 INFO com.everis.controllers.StudentController [https-jsse-nio-8081-exec-9] Los Student fueron listados
2019-05-23 16:52:50,310 INFO com.everis.controllers.StudentController [https-jsse-nio-8081-exec-5] Los Student fueron listados
2019-05-23 16:53:34,707 INFO com.everis.controllers.StudentController [https-jsse-nio-8081-exec-5] Los Student fueron listados
2019-05-23 16:54:23,306 INFO com.everis.controllers.StudentController [https-jsse-nio-8081-exec-5] Los Student fueron listados
2019-05-23 16:58:53,163 INFO org.springframework.boot.SpringApplication [restartedMain] No active profile set, falling back to default profiles: default
2019-05-23 16:59:05,604 INFO org.springframework.boot.StartupInfoLogger [restartedMain] Started ProjectEverisApplication in 15.046 seconds (JVM running for 551.13)
2019-05-23 17:12:03,168 INFO com.everis.controllers.StudentController [https-jsse-nio-8081-exec-1] Los Student fueron listados
2019-05-23 17:16:15,225 INFO org.springframework.boot.SpringApplication [restartedMain] No active profile set, falling back to default profiles: default
2019-05-23 17:16:21,918 INFO org.springframework.boot.StartupInfoLogger [restartedMain] Started ProjectEverisApplication in 7.598 seconds (JVM running for 1587.439)
2019-05-23 17:19:05,227 INFO org.springframework.boot.SpringApplication [restartedMain] No active profile set, falling back to default profiles: default
2019-05-23 17:19:11,696 INFO org.springframework.boot.StartupInfoLogger [restartedMain] Started ProjectEverisApplication in 7.251 seconds (JVM running for 1757.216)
2019-05-23 17:19:25,266 INFO org.springframework.boot.SpringApplication [restartedMain] No active profile set, falling back to default profiles: default
2019-05-23 17:19:31,079 INFO org.springframework.boot.StartupInfoLogger [restartedMain] Started ProjectEverisApplication in 6.602 seconds (JVM running for 1776.6)
2019-05-23 17:19:37,514 INFO org.springframework.boot.SpringApplication [restartedMain] No active profile set, falling back to default profiles: default
2019-05-23 17:19:45,132 INFO org.springframework.boot.StartupInfoLogger [restartedMain] Started ProjectEverisApplication in 8.327 seconds (JVM running for 1790.65)
2019-05-23 17:25:45,517 INFO com.everis.controllers.StudentController [https-jsse-nio-8081-exec-4] Los Student fueron listados
2019-05-23 17:28:59,315 INFO com.everis.controllers.StudentController [https-jsse-nio-8081-exec-1] Los Student fueron listados
2019-05-23 17:30:20,448 INFO org.springframework.boot.SpringApplication [restartedMain] No active profile set, falling back to default profiles: default
2019-05-23 17:30:37,973 INFO org.springframework.boot.StartupInfoLogger [restartedMain] Started ProjectEverisApplication in 20.846 seconds (JVM running for 24.223)
2019-05-23 17:32:14,739 INFO com.everis.controllers.StudentController [https-jsse-nio-8081-exec-4] Los Student fueron listados
2019-05-23 17:38:46,273 INFO com.everis.controllers.StudentController [https-jsse-nio-8081-exec-1] Los Student fueron listados
2019-05-23 17:39:33,017 INFO com.everis.controllers.StudentController [https-jsse-nio-8081-exec-10] Los Student fueron listados
2019-05-23 17:48:37,248 INFO com.everis.controllers.StudentController [https-jsse-nio-8081-exec-3] Los Student fueron listados
2019-05-23 17:48:43,951 INFO com.everis.controllers.StudentController [https-jsse-nio-8081-exec-4] Los Student fueron listados
2019-05-23 17:48:52,073 INFO com.everis.controllers.StudentController [https-jsse-nio-8081-exec-8] Los Student fueron listados
2019-05-23 17:49:08,665 INFO com.everis.controllers.StudentController [https-jsse-nio-8081-exec-5] Los Student fueron listados
2019-05-23 17:49:11,755 INFO com.everis.controllers.StudentController [https-jsse-nio-8081-exec-6] Los Student fueron listados
2019-05-23 17:49:17,181 INFO com.everis.controllers.StudentController [https-jsse-nio-8081-exec-7] Los Student fueron listados
2019-05-23 17:49:26,300 INFO com.everis.controllers.StudentController [https-jsse-nio-8081-exec-9] Los Student fueron listados
2019-05-23 17:49:32,967 INFO com.everis.controllers.StudentController [https-jsse-nio-8081-exec-10] Los Student fueron listados
2019-05-23 17:49:37,596 INFO com.everis.controllers.StudentController [https-jsse-nio-8081-exec-2] Los Student fueron listados
2019-05-23 17:49:38,750 INFO com.everis.controllers.StudentController [https-jsse-nio-8081-exec-1] Los Student fueron listados
2019-05-23 17:49:39,927 INFO com.everis.controllers.StudentController [https-jsse-nio-8081-exec-3] Los Student fueron listados
2019-05-23 17:49:42,694 INFO com.everis.controllers.StudentController [https-jsse-nio-8081-exec-4] Los Student fueron listados
2019-05-23 17:53:48,178 INFO com.everis.controllers.StudentController [https-jsse-nio-8081-exec-5] Los Student fueron listados
2019-05-23 17:53:51,194 INFO com.everis.controllers.StudentController [https-jsse-nio-8081-exec-6] Los Student fueron listados
